INFO User login successful
INFO File accessed
INFO File accessed
INFO Process started
INFO User logout
INFO User login successful
INFO File accessed
INFO File accessed
INFO File accessed
INFO Process started
WARNING Multiple failed login attempts
WARNING Multiple failed login attempts
WARNING Multiple failed login attempts
WARNING Multiple failed login attempts
WARNING Multiple failed login attempts
INFO User login successful
INFO File accessed
INFO Process started
INFO User logout
INFO File accessed
ERROR Unauthorized access attempt
ERROR Unauthorized access attempt
ERROR Unauthorized access attempt
ERROR Unauthorized access attempt
ERROR Unauthorized access attempt
